[+] Containers:
 |- [+] Container: /Game/Levels/1leveltest
 |   |- [+] ActorDescs:
 |   |   |- Guid:0D0DD6BF4779FDA6493A54B86AB68E6F BaseClass: NativeClass:/Script/Engine.StaticMeshActor Name:StaticMeshActor_UAID_902E16EF156416A901_1724731496 Label:Cube2 SpatiallyLoaded:1 Bounds:IsValid=true, Min=(X=-8830.375 Y=7600.375 Z=100.000), Max=(X=-8549.625 Y=7879.625 Z=200.000) RuntimeGrid:None EditorOnly:0 RuntimeOnly:0 HLODRelevant:1
 |   |   |- Guid:0DE65FE74B38C8CB1BA98AB09BE84C2D BaseClass: NativeClass:/Script/Engine.StaticMeshActor Name:StaticMeshActor_UAID_E4A8DFBE6D9236BA01_2028308097 Label:Lamp_low_pCube1_low SpatiallyLoaded:1 Bounds:IsValid=true, Min=(X=-9853.255 Y=15147.754 Z=72.306), Max=(X=-9836.889 Y=15149.931 Z=95.928) RuntimeGrid:None EditorOnly:0 RuntimeOnly:0 HLODRelevant:1
 |   |   |- Guid:1D3D26F04B6DC10BEFB5B69E5CF914C8 BaseClass: NativeClass:/Script/Engine.VolumetricCloud Name:VolumetricCloud_UAID_A85E45CFE40401D200_1470381760 Label:VolumetricCloud SpatiallyLoaded:0 Bounds:IsValid=true, Min=(X=0.000 Y=0.000 Z=0.000), Max=(X=0.000 Y=0.000 Z=0.000) RuntimeGrid:None EditorOnly:0 RuntimeOnly:0 HLODRelevant:0 FolderPath:Lighting FolderGuid:B7E9BD5B45A652654791988DEF54CCEB
 |   |   |- Guid:1D7A6AB7497E9CEB44A23D945CE95F5B BaseClass: NativeClass:/Script/Engine.StaticMeshActor Name:StaticMeshActor_UAID_E4A8DFBE6D9236BA01_2028386102 Label:Lamp_low_pCylinder18_low SpatiallyLoaded:1 Bounds:IsValid=true, Min=(X=-9850.989 Y=15148.697 Z=90.284), Max=(X=-9839.156 Y=15148.989 Z=92.036) RuntimeGrid:None EditorOnly:0 RuntimeOnly:0 HLODRelevant:1
 |   |   |- Guid:1DE8D7AC4103A2EABA11649C7FCF8ACA BaseClass: NativeClass:/Script/Engine.SkyLight Name:SkyLight_UAID_A85E45CFE40401D200_1470380759 Label:SkyLight SpatiallyLoaded:0 Bounds:IsValid=true, Min=(X=0.000 Y=0.000 Z=0.000), Max=(X=0.000 Y=0.000 Z=0.000) RuntimeGrid:None EditorOnly:0 RuntimeOnly:0 HLODRelevant:0 FolderPath:Lighting FolderGuid:B7E9BD5B45A652654791988DEF54CCEB
 |   |   |- Guid:1E6C81D44C60F3F05DCD2FB2823622F8 BaseClass: NativeClass:/Script/Engine.StaticMeshActor Name:StaticMeshActor_UAID_E4A8DFBE6D9236BA01_2028460106 Label:Lamp_low_pCylinder6_low SpatiallyLoaded:1 Bounds:IsValid=true, Min=(X=-9845.450 Y=15148.691 Z=100.601), Max=(X=-9844.694 Y=15148.994 Z=100.982) RuntimeGrid:None EditorOnly:0 RuntimeOnly:0 HLODRelevant:1
 |   |   |- Guid:1FC4E789411B2790576BAD96F51BC70F BaseClass: NativeClass:/Script/Engine.StaticMeshActor Name:StaticMeshActor_UAID_E4A8DFBE6D9236BA01_2028355100 Label:Lamp_low_pCylinder12_low SpatiallyLoaded:1 Bounds:IsValid=true, Min=(X=-9846.123 Y=15152.409 Z=72.004), Max=(X=-9844.021 Y=15154.845 Z=74.453) RuntimeGrid:None EditorOnly:0 RuntimeOnly:0 HLODRelevant:1
 |   |   |- Guid:218E3B124735712D7EF272B4FB8E7FF6 BaseClass: NativeClass:/Script/Landscape.Landscape Name:Landscape_UAID_A85E45CFE404FBD100_1221515703 Label:Landscape SpatiallyLoaded:0 Bounds:IsValid=true, Min=(X=-100800.000 Y=-100800.000 Z=100.000), Max=(X=-100800.000 Y=-100800.000 Z=100.000) RuntimeGrid:None EditorOnly:0 RuntimeOnly:0 HLODRelevant:0
 |   |   |- Guid:2BA434BF422A5E5F72D0ED98E257ABA6 BaseClass: NativeClass:/Script/Engine.StaticMeshActor Name:StaticMeshActor_UAID_E4A8DFBE6D9236BA01_2028506109 Label:Lamp_low_polySurface4_low SpatiallyLoaded:1 Bounds:IsValid=true, Min=(X=-9849.681 Y=15144.233 Z=76.373), Max=(X=-9840.463 Y=15153.452 Z=77.200) RuntimeGrid:None EditorOnly:0 RuntimeOnly:0 HLODRelevant:1
 |   |   |- Guid:2CE12F874AA39D020A0F4BA5739BD305 BaseClass: NativeClass:/Script/Engine.SkyAtmosphere Name:SkyAtmosphere_UAID_A85E45CFE40401D200_1470382762 Label:SkyAtmosphere SpatiallyLoaded:0 Bounds:IsValid=true, Min=(X=0.000 Y=0.000 Z=0.000), Max=(X=0.000 Y=0.000 Z=0.000) RuntimeGrid:None EditorOnly:0 RuntimeOnly:0 HLODRelevant:0 FolderPath:Lighting FolderGuid:B7E9BD5B45A652654791988DEF54CCEB
 |   |   |- Guid:45C0856A4D5998DE73CBD590F52D1AB1 BaseClass: NativeClass:/Script/Engine.StaticMeshActor Name:StaticMeshActor_UAID_E4A8DFBE6D9236BA01_2028491108 Label:Lamp_low_polySurface3_low SpatiallyLoaded:1 Bounds:IsValid=true, Min=(X=-9852.745 Y=15141.169 Z=66.176), Max=(X=-9837.399 Y=15156.516 Z=74.308) RuntimeGrid:None EditorOnly:0 RuntimeOnly:0 HLODRelevant:1
 |   |   |- Guid:484EB9694F48E840ABB5CEA8731D41D7 BaseClass:/Game/BlueScript/usemesh.usemesh_C NativeClass:/Script/Engine.Actor Name:usemesh_C_UAID_902E16EF156454AC01_1756563581 Label:usemesh6 SpatiallyLoaded:1 Bounds:IsValid=true, Min=(X=-9829.558 Y=15701.358 Z=60.005), Max=(X=-9769.540 Y=15761.515 Z=120.162) RuntimeGrid:None EditorOnly:0 RuntimeOnly:0 HLODRelevant:0
 |   |   |- Guid:4BADA108413B4555F69CA693A9AD7711 BaseClass: NativeClass:/Script/Engine.StaticMeshActor Name:StaticMeshActor_UAID_E4A8DFBE6D9236BA01_2028402103 Label:Lamp_low_pCylinder2_low SpatiallyLoaded:1 Bounds:IsValid=true, Min=(X=-9849.261 Y=15144.654 Z=91.212), Max=(X=-9840.884 Y=15153.031 Z=97.109) RuntimeGrid:None EditorOnly:0 RuntimeOnly:0 HLODRelevant:1
 |   |   |- Guid:5368FABB47D6D9580DAECA8B0417BF92 BaseClass: NativeClass:/Script/Engine.WorldDataLayers Name:WorldDataLayers Label:WorldDataLayers-1 SpatiallyLoaded:0 Bounds:IsValid=true, Min=(X=0.000 Y=0.000 Z=0.000), Max=(X=0.000 Y=0.000 Z=0.000) RuntimeGrid:None EditorOnly:0 RuntimeOnly:0 HLODRelevant:0
 |   |   |- Guid:5746ECE34995710746CEE49B26F2B6D7 BaseClass:/Game/BlueScript/usemesh.usemesh_C NativeClass:/Script/Engine.Actor Name:usemesh_C_UAID_902E16EF156454AC01_1758931582 Label:usemesh7 SpatiallyLoaded:1 Bounds:IsValid=true, Min=(X=-9769.558 Y=15701.358 Z=60.005), Max=(X=-9709.540 Y=15761.515 Z=120.162) RuntimeGrid:None EditorOnly:0 RuntimeOnly:0 HLODRelevant:0
 |   |   |- Guid:57B0AD8F4B88F034E3EE8EB5D61BB0F4 BaseClass: NativeClass:/Script/Engine.PlayerStart Name:PlayerStart_UAID_E4A8DFBE6D929AB601_1424898456 Label:PlayerStart SpatiallyLoaded:0 Bounds:IsValid=true, Min=(X=-10230.000 Y=16120.000 Z=0.000), Max=(X=-10150.000 Y=16200.000 Z=184.000) RuntimeGrid:None EditorOnly:0 RuntimeOnly:0 HLODRelevant:0
 |   |   |- Guid:699BCE62421864FC2283349C7F819CDD BaseClass: NativeClass:/Script/Engine.StaticMeshActor Name:StaticMeshActor_UAID_E4A8DFBE6D9236BA01_2028551112 Label:Lamp_low_pTorus1_low SpatiallyLoaded:1 Bounds:IsValid=true, Min=(X=-9847.012 Y=15148.724 Z=100.713), Max=(X=-9843.132 Y=15148.962 Z=106.084) RuntimeGrid:None EditorOnly:0 RuntimeOnly:0 HLODRelevant:1
 |   |   |- Guid:6BF29FA246676850913C73B43CE15D32 BaseClass: NativeClass:/Script/Engine.StaticMeshActor Name:StaticMeshActor_UAID_902E16EF156416A901_1741024497 Label:Cube3 SpatiallyLoaded:1 Bounds:IsValid=true, Min=(X=-8530.375 Y=7600.375 Z=130.000), Max=(X=-8249.625 Y=7879.625 Z=230.000) RuntimeGrid:None EditorOnly:0 RuntimeOnly:0 HLODRelevant:1
 |   |   |- Guid:6CE44BA5492843BEF141D593BC1925F9 BaseClass: NativeClass:/Script/Engine.StaticMeshActor Name:StaticMeshActor_UAID_902E16EF156416A901_1679495495 Label:Cube SpatiallyLoaded:1 Bounds:IsValid=true, Min=(X=-9120.375 Y=7600.375 Z=0.000), Max=(X=-8839.625 Y=7879.625 Z=100.000) RuntimeGrid:None EditorOnly:0 RuntimeOnly:0 HLODRelevant:1
 |   |   |- Guid:718770B34D26647C3386E785BBA8C0B0 BaseClass: NativeClass:/Script/Engine.StaticMeshActor Name:StaticMeshActor_UAID_E4A8DFBE6D9236BA01_2028476107 Label:Lamp_low_polySurface1_low SpatiallyLoaded:1 Bounds:IsValid=true, Min=(X=-9847.703 Y=15146.211 Z=74.308), Max=(X=-9842.441 Y=15151.474 Z=76.373) RuntimeGrid:None EditorOnly:0 RuntimeOnly:0 HLODRelevant:1
 |   |   |- Guid:77EA96504308CED22D37649382CE24D8 BaseClass: NativeClass:/Script/Engine.StaticMeshActor Name:StaticMeshActor_UAID_E4A8DFBE6D9236BA01_2028293096 Label:Lamp_low_extrudedSurface2_low SpatiallyLoaded:1 Bounds:IsValid=true, Min=(X=-9850.042 Y=15143.557 Z=77.127), Max=(X=-9840.971 Y=15154.113 Z=85.769) RuntimeGrid:None EditorOnly:0 RuntimeOnly:0 HLODRelevant:1
 |   |   |- Guid:7CF1CBDE4AD5FC41AD472FB1A9BDE985 BaseClass: NativeClass:/Script/Engine.StaticMeshActor Name:StaticMeshActor_UAID_E4A8DFBE6D9236BA01_2028324098 Label:Lamp_low_pCube2_low SpatiallyLoaded:1 Bounds:IsValid=true, Min=(X=-9846.037 Y=15147.782 Z=77.094), Max=(X=-9844.099 Y=15149.908 Z=81.647) RuntimeGrid:None EditorOnly:0 RuntimeOnly:0 HLODRelevant:1
 |   |   |- Guid:925FA5794C0B8C8493B356803D8FA538 BaseClass:/Game/BlueScript/usemesh.usemesh_C NativeClass:/Script/Engine.Actor Name:usemesh_C_UAID_902E16EF156454AC01_1739230578 Label:usemesh3 SpatiallyLoaded:1 Bounds:IsValid=true, Min=(X=-9859.558 Y=15701.358 Z=0.005), Max=(X=-9799.540 Y=15761.515 Z=60.162) RuntimeGrid:None EditorOnly:0 RuntimeOnly:0 HLODRelevant:0
 |   |   |- Guid:9CBBDFD8486812AAE8770CB093DB7460 BaseClass: NativeClass:/Script/Landscape.LandscapeStreamingProxy Name:LandscapeStreamingProxy_D7T4VF4LBP34PHV9XOEVM5TIG_1_3_4_0 Label:LandscapeStreamingProxy_3_4_0 SpatiallyLoaded:1 Bounds:IsValid=true, Min=(X=-25200.000 Y=0.000 Z=-100.000), Max=(X=0.000 Y=25200.000 Z=100.000) RuntimeGrid:None EditorOnly:0 RuntimeOnly:0 HLODRelevant:1
 |   |   |- Guid:A2CA3B0F403522CDEEF75783F5CFC8E8 BaseClass: NativeClass:/Script/Engine.StaticMeshActor Name:StaticMeshActor_UAID_E4A8DFBE6D9236BA01_2028371101 Label:Lamp_low_pCylinder17_low SpatiallyLoaded:1 Bounds:IsValid=true, Min=(X=-9843.436 Y=15148.725 Z=74.345), Max=(X=-9839.837 Y=15152.324 Z=76.183) RuntimeGrid:None EditorOnly:0 RuntimeOnly:0 HLODRelevant:1
 |   |   |- Guid:AA2B23534F5730B85C9FA2A89D632FE9 BaseClass:/Game/BlueScript/usemesh.usemesh_C NativeClass:/Script/Engine.Actor Name:usemesh_C_UAID_902E16EF156454AC01_1765704584 Label:usemesh9 SpatiallyLoaded:1 Bounds:IsValid=true, Min=(X=-9829.558 Y=16021.358 Z=0.005), Max=(X=-9769.540 Y=16081.515 Z=60.162) RuntimeGrid:None EditorOnly:0 RuntimeOnly:0 HLODRelevant:0
 |   |   |- Guid:AAAC6B5742760A58C2206DB37E44683C BaseClass: NativeClass:/Script/Engine.DirectionalLight Name:DirectionalLight_UAID_A85E45CFE40401D200_1470382761 Label:DirectionalLight SpatiallyLoaded:0 Bounds:IsValid=true, Min=(X=-4398046511104.000 Y=-4398046511104.000 Z=-4398046511104.000), Max=(X=4398046511104.000 Y=4398046511104.000 Z=4398046511104.000) RuntimeGrid:None EditorOnly:0 RuntimeOnly:0 HLODRelevant:0 FolderPath:Lighting FolderGuid:B7E9BD5B45A652654791988DEF54CCEB
 |   |   |- Guid:AB771E7E48AB5D2D2B9886BB7AE9B63A BaseClass: NativeClass:/Script/Engine.StaticMeshActor Name:StaticMeshActor_UAID_902E16EF156421A901_1845431432 Label:Cube5 SpatiallyLoaded:1 Bounds:IsValid=true, Min=(X=-7580.375 Y=7600.375 Z=200.000), Max=(X=-7299.625 Y=7879.625 Z=300.000) RuntimeGrid:None EditorOnly:0 RuntimeOnly:0 HLODRelevant:1
 |   |   |- Guid:B8D7CE72473E67D8243E498EC1B83267 BaseClass:/Game/BlueScript/usemesh.usemesh_C NativeClass:/Script/Engine.Actor Name:usemesh_C_UAID_902E16EF156454AC01_1742212579 Label:usemesh4 SpatiallyLoaded:1 Bounds:IsValid=true, Min=(X=-9919.558 Y=15701.358 Z=0.005), Max=(X=-9859.540 Y=15761.515 Z=60.162) RuntimeGrid:None EditorOnly:0 RuntimeOnly:0 HLODRelevant:0
 |   |   |- Guid:BC337A0949B4B98E0ECA548D40A489C0 BaseClass: NativeClass:/Script/Engine.StaticMeshActor Name:StaticMeshActor_UAID_E4A8DFBE6D9236BA01_2028521110 Label:Lamp_low_pSphere1_low SpatiallyLoaded:1 Bounds:IsValid=true, Min=(X=-9850.122 Y=15143.793 Z=76.883), Max=(X=-9840.022 Y=15153.892 Z=91.305) RuntimeGrid:None EditorOnly:0 RuntimeOnly:0 HLODRelevant:1
 |   |   |- Guid:CB1F1EB54073E274227CA2BDEDE952B6 BaseClass:/Game/BlueScript/usemesh.usemesh_C NativeClass:/Script/Engine.Actor Name:usemesh_C_UAID_902E16EF156454AC01_1761650583 Label:usemesh8 SpatiallyLoaded:1 Bounds:IsValid=true, Min=(X=-9829.558 Y=15701.358 Z=120.005), Max=(X=-9769.540 Y=15761.515 Z=180.162) RuntimeGrid:None EditorOnly:0 RuntimeOnly:0 HLODRelevant:0
 |   |   |- Guid:CB7CEA084CAA33CBFFADCAB3C2EA1B02 BaseClass: NativeClass:/Script/Engine.StaticMeshActor Name:StaticMeshActor_UAID_E4A8DFBE6D9236BA01_2028442105 Label:Lamp_low_pCylinder5_low SpatiallyLoaded:1 Bounds:IsValid=true, Min=(X=-9849.961 Y=15143.954 Z=98.847), Max=(X=-9840.183 Y=15153.732 Z=100.667) RuntimeGrid:None EditorOnly:0 RuntimeOnly:0 HLODRelevant:1
 |   |   |- Guid:CCBF152B45707717D0D4DBA863D55732 BaseClass:/Game/BlueScript/usemesh.usemesh_C NativeClass:/Script/Engine.Actor Name:usemesh_C_UAID_902E16EF156454AC01_1737004577 Label:usemesh2 SpatiallyLoaded:1 Bounds:IsValid=true, Min=(X=-9799.558 Y=15701.358 Z=0.005), Max=(X=-9739.540 Y=15761.515 Z=60.162) RuntimeGrid:None EditorOnly:0 RuntimeOnly:0 HLODRelevant:0
 |   |   |- Guid:D3FB7383421AAEFD3DB6F8B1E415A9FE BaseClass: NativeClass:/Script/Engine.ExponentialHeightFog Name:ExponentialHeightFog_UAID_A85E45CFE40401D200_1470382763 Label:ExponentialHeightFog SpatiallyLoaded:0 Bounds:IsValid=true, Min=(X=-5600.000 Y=-50.000 Z=-6850.000), Max=(X=-5600.000 Y=-50.000 Z=-6850.000) RuntimeGrid:None EditorOnly:0 RuntimeOnly:0 HLODRelevant:0 FolderPath:Lighting FolderGuid:B7E9BD5B45A652654791988DEF54CCEB
 |   |   |- Guid:E0F02D9941DE117019FA97B5DCC43090 BaseClass:/Game/BlueScript/usemesh.usemesh_C NativeClass:/Script/Engine.Actor Name:usemesh_C_UAID_902E16EF156453AC01_1865399400 Label:usemesh SpatiallyLoaded:1 Bounds:IsValid=true, Min=(X=-9739.558 Y=15701.358 Z=0.005), Max=(X=-9679.540 Y=15761.515 Z=60.162) RuntimeGrid:None EditorOnly:0 RuntimeOnly:0 HLODRelevant:0
 |   |   |- Guid:E7A3A6D242CFD473F07709BDDAB3B159 BaseClass: NativeClass:/Script/Engine.StaticMeshActor Name:StaticMeshActor_UAID_902E16EF156452AC01_2086711223 Label:796b3b0283794320bc74bbccf8578115_fbx SpatiallyLoaded:1 Bounds:IsValid=true, Min=(X=-9889.558 Y=15111.358 Z=10.005), Max=(X=-9829.540 Y=15171.515 Z=70.162) RuntimeGrid:None EditorOnly:0 RuntimeOnly:0 HLODRelevant:1
 |   |   |- Guid:E9F8277447BF46B2AD4E5EB314B7D276 BaseClass: NativeClass:/Script/Engine.StaticMeshActor Name:StaticMeshActor_UAID_902E16EF156421A901_1839180431 Label:Cube4 SpatiallyLoaded:1 Bounds:IsValid=true, Min=(X=-8180.375 Y=7600.375 Z=200.000), Max=(X=-7899.625 Y=7879.625 Z=300.000) RuntimeGrid:None EditorOnly:0 RuntimeOnly:0 HLODRelevant:1
 |   |   |- Guid:EC03B6C54D3AEF41BB089FAE21916C82 BaseClass: NativeClass:/Script/Engine.StaticMeshActor Name:StaticMeshActor_UAID_E4A8DFBE6D9236BA01_2028274095 Label:Lamp_low_extrudedSurface1_low SpatiallyLoaded:1 Bounds:IsValid=true, Min=(X=-9849.157 Y=15143.321 Z=76.914), Max=(X=-9840.080 Y=15154.349 Z=85.800) RuntimeGrid:None EditorOnly:0 RuntimeOnly:0 HLODRelevant:1
 |   |   |- Guid:ECC9C17948187CCE94E9BD9B991D22BF BaseClass: NativeClass:/Script/Engine.StaticMeshActor Name:StaticMeshActor_UAID_E4A8DFBE6D9236BA01_2028537111 Label:Lamp_low_pSphere2_low SpatiallyLoaded:1 Bounds:IsValid=true, Min=(X=-9847.647 Y=15146.268 Z=76.753), Max=(X=-9842.497 Y=15151.418 Z=79.286) RuntimeGrid:None EditorOnly:0 RuntimeOnly:0 HLODRelevant:1
 |   |   |- Guid:F3E3BD3B49AFDDA4D3A1F78606BDE524 BaseClass: NativeClass:/Script/Engine.StaticMeshActor Name:StaticMeshActor_UAID_E4A8DFBE6D9236BA01_2028421104 Label:Lamp_low_pCylinder4_low SpatiallyLoaded:1 Bounds:IsValid=true, Min=(X=-9847.812 Y=15146.103 Z=97.078), Max=(X=-9842.332 Y=15151.583 Z=99.627) RuntimeGrid:None EditorOnly:0 RuntimeOnly:0 HLODRelevant:1
 |   |   |- Guid:FBBA36AC4EDF1753EB7F55A4346D23F1 BaseClass:/Game/BlueScript/usemesh.usemesh_C NativeClass:/Script/Engine.Actor Name:usemesh_C_UAID_902E16EF156454AC01_1746102580 Label:usemesh5 SpatiallyLoaded:1 Bounds:IsValid=true, Min=(X=-9889.558 Y=15701.358 Z=60.005), Max=(X=-9829.540 Y=15761.515 Z=120.162) RuntimeGrid:None EditorOnly:0 RuntimeOnly:0 HLODRelevant:0
 |   |   |- Guid:FD01741A4E77FDC134E58192D75FCF40 BaseClass: NativeClass:/Script/Engine.StaticMeshActor Name:StaticMeshActor_UAID_E4A8DFBE6D9236BA01_2028340099 Label:Lamp_low_pCylinder11_low SpatiallyLoaded:1 Bounds:IsValid=true, Min=(X=-9852.176 Y=15148.697 Z=76.460), Max=(X=-9837.968 Y=15148.989 Z=78.213) RuntimeGrid:None EditorOnly:0 RuntimeOnly:0 HLODRelevant:1
 |   |- [+] Clusters:
 |   |   |- [+] [  0]
 |   |   |   |- Guid:CB1F1EB54073E274227CA2BDEDE952B6 BaseClass:/Game/BlueScript/usemesh.usemesh_C NativeClass:/Script/Engine.Actor Name:usemesh_C_UAID_902E16EF156454AC01_1761650583 Label:usemesh8 SpatiallyLoaded:1 Bounds:IsValid=true, Min=(X=-9829.558 Y=15701.358 Z=120.005), Max=(X=-9769.540 Y=15761.515 Z=180.162) RuntimeGrid:None EditorOnly:0 RuntimeOnly:0 HLODRelevant:0
 |   |   |- [+] [  1]
 |   |   |   |- Guid:5368FABB47D6D9580DAECA8B0417BF92 BaseClass: NativeClass:/Script/Engine.WorldDataLayers Name:WorldDataLayers Label:WorldDataLayers-1 SpatiallyLoaded:0 Bounds:IsValid=true, Min=(X=0.000 Y=0.000 Z=0.000), Max=(X=0.000 Y=0.000 Z=0.000) RuntimeGrid:None EditorOnly:0 RuntimeOnly:0 HLODRelevant:0
 |   |   |- [+] [  2]
 |   |   |   |- Guid:FBBA36AC4EDF1753EB7F55A4346D23F1 BaseClass:/Game/BlueScript/usemesh.usemesh_C NativeClass:/Script/Engine.Actor Name:usemesh_C_UAID_902E16EF156454AC01_1746102580 Label:usemesh5 SpatiallyLoaded:1 Bounds:IsValid=true, Min=(X=-9889.558 Y=15701.358 Z=60.005), Max=(X=-9829.540 Y=15761.515 Z=120.162) RuntimeGrid:None EditorOnly:0 RuntimeOnly:0 HLODRelevant:0
 |   |   |- [+] [  3]
 |   |   |   |- Guid:2CE12F874AA39D020A0F4BA5739BD305 BaseClass: NativeClass:/Script/Engine.SkyAtmosphere Name:SkyAtmosphere_UAID_A85E45CFE40401D200_1470382762 Label:SkyAtmosphere SpatiallyLoaded:0 Bounds:IsValid=true, Min=(X=0.000 Y=0.000 Z=0.000), Max=(X=0.000 Y=0.000 Z=0.000) RuntimeGrid:None EditorOnly:0 RuntimeOnly:0 HLODRelevant:0 FolderPath:Lighting FolderGuid:B7E9BD5B45A652654791988DEF54CCEB
 |   |   |- [+] [  4]
 |   |   |   |- Guid:6BF29FA246676850913C73B43CE15D32 BaseClass: NativeClass:/Script/Engine.StaticMeshActor Name:StaticMeshActor_UAID_902E16EF156416A901_1741024497 Label:Cube3 SpatiallyLoaded:1 Bounds:IsValid=true, Min=(X=-8530.375 Y=7600.375 Z=130.000), Max=(X=-8249.625 Y=7879.625 Z=230.000) RuntimeGrid:None EditorOnly:0 RuntimeOnly:0 HLODRelevant:1
 |   |   |- [+] [  5]
 |   |   |   |- Guid:0D0DD6BF4779FDA6493A54B86AB68E6F BaseClass: NativeClass:/Script/Engine.StaticMeshActor Name:StaticMeshActor_UAID_902E16EF156416A901_1724731496 Label:Cube2 SpatiallyLoaded:1 Bounds:IsValid=true, Min=(X=-8830.375 Y=7600.375 Z=100.000), Max=(X=-8549.625 Y=7879.625 Z=200.000) RuntimeGrid:None EditorOnly:0 RuntimeOnly:0 HLODRelevant:1
 |   |   |- [+] [  6]
 |   |   |   |- Guid:AAAC6B5742760A58C2206DB37E44683C BaseClass: NativeClass:/Script/Engine.DirectionalLight Name:DirectionalLight_UAID_A85E45CFE40401D200_1470382761 Label:DirectionalLight SpatiallyLoaded:0 Bounds:IsValid=true, Min=(X=-4398046511104.000 Y=-4398046511104.000 Z=-4398046511104.000), Max=(X=4398046511104.000 Y=4398046511104.000 Z=4398046511104.000) RuntimeGrid:None EditorOnly:0 RuntimeOnly:0 HLODRelevant:0 FolderPath:Lighting FolderGuid:B7E9BD5B45A652654791988DEF54CCEB
 |   |   |- [+] [  7]
 |   |   |   |- Guid:E7A3A6D242CFD473F07709BDDAB3B159 BaseClass: NativeClass:/Script/Engine.StaticMeshActor Name:StaticMeshActor_UAID_902E16EF156452AC01_2086711223 Label:796b3b0283794320bc74bbccf8578115_fbx SpatiallyLoaded:1 Bounds:IsValid=true, Min=(X=-9889.558 Y=15111.358 Z=10.005), Max=(X=-9829.540 Y=15171.515 Z=70.162) RuntimeGrid:None EditorOnly:0 RuntimeOnly:0 HLODRelevant:1
 |   |   |- [+] [  8]
 |   |   |   |- Guid:D3FB7383421AAEFD3DB6F8B1E415A9FE BaseClass: NativeClass:/Script/Engine.ExponentialHeightFog Name:ExponentialHeightFog_UAID_A85E45CFE40401D200_1470382763 Label:ExponentialHeightFog SpatiallyLoaded:0 Bounds:IsValid=true, Min=(X=-5600.000 Y=-50.000 Z=-6850.000), Max=(X=-5600.000 Y=-50.000 Z=-6850.000) RuntimeGrid:None EditorOnly:0 RuntimeOnly:0 HLODRelevant:0 FolderPath:Lighting FolderGuid:B7E9BD5B45A652654791988DEF54CCEB
 |   |   |- [+] [  9]
 |   |   |   |- Guid:6CE44BA5492843BEF141D593BC1925F9 BaseClass: NativeClass:/Script/Engine.StaticMeshActor Name:StaticMeshActor_UAID_902E16EF156416A901_1679495495 Label:Cube SpatiallyLoaded:1 Bounds:IsValid=true, Min=(X=-9120.375 Y=7600.375 Z=0.000), Max=(X=-8839.625 Y=7879.625 Z=100.000) RuntimeGrid:None EditorOnly:0 RuntimeOnly:0 HLODRelevant:1
 |   |   |- [+] [ 10]
 |   |   |   |- Guid:B8D7CE72473E67D8243E498EC1B83267 BaseClass:/Game/BlueScript/usemesh.usemesh_C NativeClass:/Script/Engine.Actor Name:usemesh_C_UAID_902E16EF156454AC01_1742212579 Label:usemesh4 SpatiallyLoaded:1 Bounds:IsValid=true, Min=(X=-9919.558 Y=15701.358 Z=0.005), Max=(X=-9859.540 Y=15761.515 Z=60.162) RuntimeGrid:None EditorOnly:0 RuntimeOnly:0 HLODRelevant:0
 |   |   |- [+] [ 11]
 |   |   |   |- Guid:AA2B23534F5730B85C9FA2A89D632FE9 BaseClass:/Game/BlueScript/usemesh.usemesh_C NativeClass:/Script/Engine.Actor Name:usemesh_C_UAID_902E16EF156454AC01_1765704584 Label:usemesh9 SpatiallyLoaded:1 Bounds:IsValid=true, Min=(X=-9829.558 Y=16021.358 Z=0.005), Max=(X=-9769.540 Y=16081.515 Z=60.162) RuntimeGrid:None EditorOnly:0 RuntimeOnly:0 HLODRelevant:0
 |   |   |- [+] [ 12]
 |   |   |   |- Guid:218E3B124735712D7EF272B4FB8E7FF6 BaseClass: NativeClass:/Script/Landscape.Landscape Name:Landscape_UAID_A85E45CFE404FBD100_1221515703 Label:Landscape SpatiallyLoaded:0 Bounds:IsValid=true, Min=(X=-100800.000 Y=-100800.000 Z=100.000), Max=(X=-100800.000 Y=-100800.000 Z=100.000) RuntimeGrid:None EditorOnly:0 RuntimeOnly:0 HLODRelevant:0
 |   |   |- [+] [ 13]
 |   |   |   |- Guid:484EB9694F48E840ABB5CEA8731D41D7 BaseClass:/Game/BlueScript/usemesh.usemesh_C NativeClass:/Script/Engine.Actor Name:usemesh_C_UAID_902E16EF156454AC01_1756563581 Label:usemesh6 SpatiallyLoaded:1 Bounds:IsValid=true, Min=(X=-9829.558 Y=15701.358 Z=60.005), Max=(X=-9769.540 Y=15761.515 Z=120.162) RuntimeGrid:None EditorOnly:0 RuntimeOnly:0 HLODRelevant:0
 |   |   |- [+] [ 14]
 |   |   |   |- Guid:1D3D26F04B6DC10BEFB5B69E5CF914C8 BaseClass: NativeClass:/Script/Engine.VolumetricCloud Name:VolumetricCloud_UAID_A85E45CFE40401D200_1470381760 Label:VolumetricCloud SpatiallyLoaded:0 Bounds:IsValid=true, Min=(X=0.000 Y=0.000 Z=0.000), Max=(X=0.000 Y=0.000 Z=0.000) RuntimeGrid:None EditorOnly:0 RuntimeOnly:0 HLODRelevant:0 FolderPath:Lighting FolderGuid:B7E9BD5B45A652654791988DEF54CCEB
 |   |   |- [+] [ 15]
 |   |   |   |- Guid:CCBF152B45707717D0D4DBA863D55732 BaseClass:/Game/BlueScript/usemesh.usemesh_C NativeClass:/Script/Engine.Actor Name:usemesh_C_UAID_902E16EF156454AC01_1737004577 Label:usemesh2 SpatiallyLoaded:1 Bounds:IsValid=true, Min=(X=-9799.558 Y=15701.358 Z=0.005), Max=(X=-9739.540 Y=15761.515 Z=60.162) RuntimeGrid:None EditorOnly:0 RuntimeOnly:0 HLODRelevant:0
 |   |   |- [+] [ 16]
 |   |   |   |- Guid:1DE8D7AC4103A2EABA11649C7FCF8ACA BaseClass: NativeClass:/Script/Engine.SkyLight Name:SkyLight_UAID_A85E45CFE40401D200_1470380759 Label:SkyLight SpatiallyLoaded:0 Bounds:IsValid=true, Min=(X=0.000 Y=0.000 Z=0.000), Max=(X=0.000 Y=0.000 Z=0.000) RuntimeGrid:None EditorOnly:0 RuntimeOnly:0 HLODRelevant:0 FolderPath:Lighting FolderGuid:B7E9BD5B45A652654791988DEF54CCEB
 |   |   |- [+] [ 17]
 |   |   |   |- Guid:57B0AD8F4B88F034E3EE8EB5D61BB0F4 BaseClass: NativeClass:/Script/Engine.PlayerStart Name:PlayerStart_UAID_E4A8DFBE6D929AB601_1424898456 Label:PlayerStart SpatiallyLoaded:0 Bounds:IsValid=true, Min=(X=-10230.000 Y=16120.000 Z=0.000), Max=(X=-10150.000 Y=16200.000 Z=184.000) RuntimeGrid:None EditorOnly:0 RuntimeOnly:0 HLODRelevant:0
 |   |   |- [+] [ 18]
 |   |   |   |- Guid:5746ECE34995710746CEE49B26F2B6D7 BaseClass:/Game/BlueScript/usemesh.usemesh_C NativeClass:/Script/Engine.Actor Name:usemesh_C_UAID_902E16EF156454AC01_1758931582 Label:usemesh7 SpatiallyLoaded:1 Bounds:IsValid=true, Min=(X=-9769.558 Y=15701.358 Z=60.005), Max=(X=-9709.540 Y=15761.515 Z=120.162) RuntimeGrid:None EditorOnly:0 RuntimeOnly:0 HLODRelevant:0
 |   |   |- [+] [ 19]
 |   |   |   |- Guid:9CBBDFD8486812AAE8770CB093DB7460 BaseClass: NativeClass:/Script/Landscape.LandscapeStreamingProxy Name:LandscapeStreamingProxy_D7T4VF4LBP34PHV9XOEVM5TIG_1_3_4_0 Label:LandscapeStreamingProxy_3_4_0 SpatiallyLoaded:1 Bounds:IsValid=true, Min=(X=-25200.000 Y=0.000 Z=-100.000), Max=(X=0.000 Y=25200.000 Z=100.000) RuntimeGrid:None EditorOnly:0 RuntimeOnly:0 HLODRelevant:1
 |   |   |- [+] [ 20]
 |   |   |   |- Guid:E9F8277447BF46B2AD4E5EB314B7D276 BaseClass: NativeClass:/Script/Engine.StaticMeshActor Name:StaticMeshActor_UAID_902E16EF156421A901_1839180431 Label:Cube4 SpatiallyLoaded:1 Bounds:IsValid=true, Min=(X=-8180.375 Y=7600.375 Z=200.000), Max=(X=-7899.625 Y=7879.625 Z=300.000) RuntimeGrid:None EditorOnly:0 RuntimeOnly:0 HLODRelevant:1
 |   |   |- [+] [ 21]
 |   |   |   |- Guid:E0F02D9941DE117019FA97B5DCC43090 BaseClass:/Game/BlueScript/usemesh.usemesh_C NativeClass:/Script/Engine.Actor Name:usemesh_C_UAID_902E16EF156453AC01_1865399400 Label:usemesh SpatiallyLoaded:1 Bounds:IsValid=true, Min=(X=-9739.558 Y=15701.358 Z=0.005), Max=(X=-9679.540 Y=15761.515 Z=60.162) RuntimeGrid:None EditorOnly:0 RuntimeOnly:0 HLODRelevant:0
 |   |   |- [+] [ 22]
 |   |   |   |- Guid:AB771E7E48AB5D2D2B9886BB7AE9B63A BaseClass: NativeClass:/Script/Engine.StaticMeshActor Name:StaticMeshActor_UAID_902E16EF156421A901_1845431432 Label:Cube5 SpatiallyLoaded:1 Bounds:IsValid=true, Min=(X=-7580.375 Y=7600.375 Z=200.000), Max=(X=-7299.625 Y=7879.625 Z=300.000) RuntimeGrid:None EditorOnly:0 RuntimeOnly:0 HLODRelevant:1
 |   |   |- [+] [ 23]
 |   |   |   |- Guid:925FA5794C0B8C8493B356803D8FA538 BaseClass:/Game/BlueScript/usemesh.usemesh_C NativeClass:/Script/Engine.Actor Name:usemesh_C_UAID_902E16EF156454AC01_1739230578 Label:usemesh3 SpatiallyLoaded:1 Bounds:IsValid=true, Min=(X=-9859.558 Y=15701.358 Z=0.005), Max=(X=-9799.540 Y=15761.515 Z=60.162) RuntimeGrid:None EditorOnly:0 RuntimeOnly:0 HLODRelevant:0
 |   |   |- [+] [ 24]
 |   |   |   |- Guid:BC337A0949B4B98E0ECA548D40A489C0 BaseClass: NativeClass:/Script/Engine.StaticMeshActor Name:StaticMeshActor_UAID_E4A8DFBE6D9236BA01_2028521110 Label:Lamp_low_pSphere1_low SpatiallyLoaded:1 Bounds:IsValid=true, Min=(X=-9850.122 Y=15143.793 Z=76.883), Max=(X=-9840.022 Y=15153.892 Z=91.305) RuntimeGrid:None EditorOnly:0 RuntimeOnly:0 HLODRelevant:1
 |   |   |- [+] [ 25]
 |   |   |   |- Guid:2BA434BF422A5E5F72D0ED98E257ABA6 BaseClass: NativeClass:/Script/Engine.StaticMeshActor Name:StaticMeshActor_UAID_E4A8DFBE6D9236BA01_2028506109 Label:Lamp_low_polySurface4_low SpatiallyLoaded:1 Bounds:IsValid=true, Min=(X=-9849.681 Y=15144.233 Z=76.373), Max=(X=-9840.463 Y=15153.452 Z=77.200) RuntimeGrid:None EditorOnly:0 RuntimeOnly:0 HLODRelevant:1
 |   |   |- [+] [ 26]
 |   |   |   |- Guid:45C0856A4D5998DE73CBD590F52D1AB1 BaseClass: NativeClass:/Script/Engine.StaticMeshActor Name:StaticMeshActor_UAID_E4A8DFBE6D9236BA01_2028491108 Label:Lamp_low_polySurface3_low SpatiallyLoaded:1 Bounds:IsValid=true, Min=(X=-9852.745 Y=15141.169 Z=66.176), Max=(X=-9837.399 Y=15156.516 Z=74.308) RuntimeGrid:None EditorOnly:0 RuntimeOnly:0 HLODRelevant:1
 |   |   |- [+] [ 27]
 |   |   |   |- Guid:718770B34D26647C3386E785BBA8C0B0 BaseClass: NativeClass:/Script/Engine.StaticMeshActor Name:StaticMeshActor_UAID_E4A8DFBE6D9236BA01_2028476107 Label:Lamp_low_polySurface1_low SpatiallyLoaded:1 Bounds:IsValid=true, Min=(X=-9847.703 Y=15146.211 Z=74.308), Max=(X=-9842.441 Y=15151.474 Z=76.373) RuntimeGrid:None EditorOnly:0 RuntimeOnly:0 HLODRelevant:1
 |   |   |- [+] [ 28]
 |   |   |   |- Guid:1E6C81D44C60F3F05DCD2FB2823622F8 BaseClass: NativeClass:/Script/Engine.StaticMeshActor Name:StaticMeshActor_UAID_E4A8DFBE6D9236BA01_2028460106 Label:Lamp_low_pCylinder6_low SpatiallyLoaded:1 Bounds:IsValid=true, Min=(X=-9845.450 Y=15148.691 Z=100.601), Max=(X=-9844.694 Y=15148.994 Z=100.982) RuntimeGrid:None EditorOnly:0 RuntimeOnly:0 HLODRelevant:1
 |   |   |- [+] [ 29]
 |   |   |   |- Guid:CB7CEA084CAA33CBFFADCAB3C2EA1B02 BaseClass: NativeClass:/Script/Engine.StaticMeshActor Name:StaticMeshActor_UAID_E4A8DFBE6D9236BA01_2028442105 Label:Lamp_low_pCylinder5_low SpatiallyLoaded:1 Bounds:IsValid=true, Min=(X=-9849.961 Y=15143.954 Z=98.847), Max=(X=-9840.183 Y=15153.732 Z=100.667) RuntimeGrid:None EditorOnly:0 RuntimeOnly:0 HLODRelevant:1
 |   |   |- [+] [ 30]
 |   |   |   |- Guid:F3E3BD3B49AFDDA4D3A1F78606BDE524 BaseClass: NativeClass:/Script/Engine.StaticMeshActor Name:StaticMeshActor_UAID_E4A8DFBE6D9236BA01_2028421104 Label:Lamp_low_pCylinder4_low SpatiallyLoaded:1 Bounds:IsValid=true, Min=(X=-9847.812 Y=15146.103 Z=97.078), Max=(X=-9842.332 Y=15151.583 Z=99.627) RuntimeGrid:None EditorOnly:0 RuntimeOnly:0 HLODRelevant:1
 |   |   |- [+] [ 31]
 |   |   |   |- Guid:4BADA108413B4555F69CA693A9AD7711 BaseClass: NativeClass:/Script/Engine.StaticMeshActor Name:StaticMeshActor_UAID_E4A8DFBE6D9236BA01_2028402103 Label:Lamp_low_pCylinder2_low SpatiallyLoaded:1 Bounds:IsValid=true, Min=(X=-9849.261 Y=15144.654 Z=91.212), Max=(X=-9840.884 Y=15153.031 Z=97.109) RuntimeGrid:None EditorOnly:0 RuntimeOnly:0 HLODRelevant:1
 |   |   |- [+] [ 32]
 |   |   |   |- Guid:1D7A6AB7497E9CEB44A23D945CE95F5B BaseClass: NativeClass:/Script/Engine.StaticMeshActor Name:StaticMeshActor_UAID_E4A8DFBE6D9236BA01_2028386102 Label:Lamp_low_pCylinder18_low SpatiallyLoaded:1 Bounds:IsValid=true, Min=(X=-9850.989 Y=15148.697 Z=90.284), Max=(X=-9839.156 Y=15148.989 Z=92.036) RuntimeGrid:None EditorOnly:0 RuntimeOnly:0 HLODRelevant:1
 |   |   |- [+] [ 33]
 |   |   |   |- Guid:A2CA3B0F403522CDEEF75783F5CFC8E8 BaseClass: NativeClass:/Script/Engine.StaticMeshActor Name:StaticMeshActor_UAID_E4A8DFBE6D9236BA01_2028371101 Label:Lamp_low_pCylinder17_low SpatiallyLoaded:1 Bounds:IsValid=true, Min=(X=-9843.436 Y=15148.725 Z=74.345), Max=(X=-9839.837 Y=15152.324 Z=76.183) RuntimeGrid:None EditorOnly:0 RuntimeOnly:0 HLODRelevant:1
 |   |   |- [+] [ 34]
 |   |   |   |- Guid:1FC4E789411B2790576BAD96F51BC70F BaseClass: NativeClass:/Script/Engine.StaticMeshActor Name:StaticMeshActor_UAID_E4A8DFBE6D9236BA01_2028355100 Label:Lamp_low_pCylinder12_low SpatiallyLoaded:1 Bounds:IsValid=true, Min=(X=-9846.123 Y=15152.409 Z=72.004), Max=(X=-9844.021 Y=15154.845 Z=74.453) RuntimeGrid:None EditorOnly:0 RuntimeOnly:0 HLODRelevant:1
 |   |   |- [+] [ 35]
 |   |   |   |- Guid:FD01741A4E77FDC134E58192D75FCF40 BaseClass: NativeClass:/Script/Engine.StaticMeshActor Name:StaticMeshActor_UAID_E4A8DFBE6D9236BA01_2028340099 Label:Lamp_low_pCylinder11_low SpatiallyLoaded:1 Bounds:IsValid=true, Min=(X=-9852.176 Y=15148.697 Z=76.460), Max=(X=-9837.968 Y=15148.989 Z=78.213) RuntimeGrid:None EditorOnly:0 RuntimeOnly:0 HLODRelevant:1
 |   |   |- [+] [ 36]
 |   |   |   |- Guid:7CF1CBDE4AD5FC41AD472FB1A9BDE985 BaseClass: NativeClass:/Script/Engine.StaticMeshActor Name:StaticMeshActor_UAID_E4A8DFBE6D9236BA01_2028324098 Label:Lamp_low_pCube2_low SpatiallyLoaded:1 Bounds:IsValid=true, Min=(X=-9846.037 Y=15147.782 Z=77.094), Max=(X=-9844.099 Y=15149.908 Z=81.647) RuntimeGrid:None EditorOnly:0 RuntimeOnly:0 HLODRelevant:1
 |   |   |- [+] [ 37]
 |   |   |   |- Guid:0DE65FE74B38C8CB1BA98AB09BE84C2D BaseClass: NativeClass:/Script/Engine.StaticMeshActor Name:StaticMeshActor_UAID_E4A8DFBE6D9236BA01_2028308097 Label:Lamp_low_pCube1_low SpatiallyLoaded:1 Bounds:IsValid=true, Min=(X=-9853.255 Y=15147.754 Z=72.306), Max=(X=-9836.889 Y=15149.931 Z=95.928) RuntimeGrid:None EditorOnly:0 RuntimeOnly:0 HLODRelevant:1
 |   |   |- [+] [ 38]
 |   |   |   |- Guid:77EA96504308CED22D37649382CE24D8 BaseClass: NativeClass:/Script/Engine.StaticMeshActor Name:StaticMeshActor_UAID_E4A8DFBE6D9236BA01_2028293096 Label:Lamp_low_extrudedSurface2_low SpatiallyLoaded:1 Bounds:IsValid=true, Min=(X=-9850.042 Y=15143.557 Z=77.127), Max=(X=-9840.971 Y=15154.113 Z=85.769) RuntimeGrid:None EditorOnly:0 RuntimeOnly:0 HLODRelevant:1
 |   |   |- [+] [ 39]
 |   |   |   |- Guid:EC03B6C54D3AEF41BB089FAE21916C82 BaseClass: NativeClass:/Script/Engine.StaticMeshActor Name:StaticMeshActor_UAID_E4A8DFBE6D9236BA01_2028274095 Label:Lamp_low_extrudedSurface1_low SpatiallyLoaded:1 Bounds:IsValid=true, Min=(X=-9849.157 Y=15143.321 Z=76.914), Max=(X=-9840.080 Y=15154.349 Z=85.800) RuntimeGrid:None EditorOnly:0 RuntimeOnly:0 HLODRelevant:1
 |   |   |- [+] [ 40]
 |   |   |   |- Guid:ECC9C17948187CCE94E9BD9B991D22BF BaseClass: NativeClass:/Script/Engine.StaticMeshActor Name:StaticMeshActor_UAID_E4A8DFBE6D9236BA01_2028537111 Label:Lamp_low_pSphere2_low SpatiallyLoaded:1 Bounds:IsValid=true, Min=(X=-9847.647 Y=15146.268 Z=76.753), Max=(X=-9842.497 Y=15151.418 Z=79.286) RuntimeGrid:None EditorOnly:0 RuntimeOnly:0 HLODRelevant:1
 |   |   |- [+] [ 41]
 |   |   |   |- Guid:699BCE62421864FC2283349C7F819CDD BaseClass: NativeClass:/Script/Engine.StaticMeshActor Name:StaticMeshActor_UAID_E4A8DFBE6D9236BA01_2028551112 Label:Lamp_low_pTorus1_low SpatiallyLoaded:1 Bounds:IsValid=true, Min=(X=-9847.012 Y=15148.724 Z=100.713), Max=(X=-9843.132 Y=15148.962 Z=106.084) RuntimeGrid:None EditorOnly:0 RuntimeOnly:0 HLODRelevant:1
 |- ContainerInstances:
 |- [+] MainContainer:
 |   |-        ID: 0x0000000000000000
 |   |-    Bounds: IsValid=true, Min=(X=-25200.000 Y=0.000 Z=-100.000), Max=(X=0.000 Y=25200.000 Z=300.000)
 |   |- Transform: 0.000000,0.000000,0.000000|0.000000,0.000000,-0.000000|1.000000,1.000000,1.000000
 |   |- Container: /Game/Levels/1leveltest
----------------------------------------------------------------------------------------------------------------
1leveltest - Persistent Level
----------------------------------------------------------------------------------------------------------------
Always loaded Actor Count: 48 

----------------------------------------------------------------------------------------------------------------
1leveltest - Runtime Spatial Hash - Streaming Grid - MainGrid
----------------------------------------------------------------------------------------------------------------
            Origin: X=0.000 Y=0.000 Z=0.000
         Cell Size: 25600
      World Bounds: IsValid=true, Min=(X=-25200.000 Y=0.000 Z=-100.000), Max=(X=0.000 Y=25200.000 Z=300.000)
     Loading Range: 76800.00
Block Slow Loading: No
 ClientOnlyVisible: No

[+] Grid Levels: 2
 |- Level  0: Cell Count    1 | Cell Size   25600 | Actor Count   34 (100.0%)
 |- Level  1: Cell Count    0 | Cell Size   51200 | Actor Count    0 (0.0%)

[+] Content of Grid Level 0
 |- [+] Content of Cell MainGrid_L0_X-1_Y0
 |   |- Actor Count: 34
 |   |- MinMaxZ: X=-100.000 Y=300.000
 |   |- Actor Path: /Game/Levels/1leveltest.1leveltest:PersistentLevel.usemesh_C_UAID_902E16EF156454AC01_1761650583
 |   |- Actor Package: /Game/__ExternalActors__/Levels/1leveltest/0/3I/SGVTP2QXRA9CYIPA795HKC
 |   |- Actor Path: /Game/Levels/1leveltest.1leveltest:PersistentLevel.usemesh_C_UAID_902E16EF156454AC01_1746102580
 |   |- Actor Package: /Game/__ExternalActors__/Levels/1leveltest/0/FZ/51E02JZ3YD6YXK7MPSSD7C
 |   |- Actor Path: /Game/Levels/1leveltest.1leveltest:PersistentLevel.StaticMeshActor_UAID_902E16EF156416A901_1741024497
 |   |- Actor Package: /Game/__ExternalActors__/Levels/1leveltest/2/XC/CYHCVQS1MZ997UAPYRYGYP
 |   |- Actor Path: /Game/Levels/1leveltest.1leveltest:PersistentLevel.StaticMeshActor_UAID_902E16EF156416A901_1724731496
 |   |- Actor Package: /Game/__ExternalActors__/Levels/1leveltest/2/ZW/80C7CJCC3QDOH1KM9DIBHG
 |   |- Actor Path: /Game/Levels/1leveltest.1leveltest:PersistentLevel.StaticMeshActor_UAID_902E16EF156452AC01_2086711223
 |   |- Actor Package: /Game/__ExternalActors__/Levels/1leveltest/3/VP/R8T9WIJSYY170NV6XAVD3U
 |   |- Actor Path: /Game/Levels/1leveltest.1leveltest:PersistentLevel.StaticMeshActor_UAID_902E16EF156416A901_1679495495
 |   |- Actor Package: /Game/__ExternalActors__/Levels/1leveltest/5/I7/O2BCKEZ4AENFUI6LGKQLV0
 |   |- Actor Path: /Game/Levels/1leveltest.1leveltest:PersistentLevel.usemesh_C_UAID_902E16EF156454AC01_1742212579
 |   |- Actor Package: /Game/__ExternalActors__/Levels/1leveltest/6/AR/P33DU9ZBPZOVJ7POTLHDS0
 |   |- Actor Path: /Game/Levels/1leveltest.1leveltest:PersistentLevel.usemesh_C_UAID_902E16EF156454AC01_1765704584
 |   |- Actor Package: /Game/__ExternalActors__/Levels/1leveltest/7/KE/6VRM02F4NZFNN1H4BYCXNU
 |   |- Actor Path: /Game/Levels/1leveltest.1leveltest:PersistentLevel.usemesh_C_UAID_902E16EF156454AC01_1756563581
 |   |- Actor Package: /Game/__ExternalActors__/Levels/1leveltest/7/Z3/ZWQN1X2S4D9RFB2K75WH4X
 |   |- Actor Path: /Game/Levels/1leveltest.1leveltest:PersistentLevel.usemesh_C_UAID_902E16EF156454AC01_1737004577
 |   |- Actor Package: /Game/__ExternalActors__/Levels/1leveltest/8/HF/73A1AVLH786EHADO62JE8F
 |   |- Actor Path: /Game/Levels/1leveltest.1leveltest:PersistentLevel.usemesh_C_UAID_902E16EF156454AC01_1758931582
 |   |- Actor Package: /Game/__ExternalActors__/Levels/1leveltest/A/3Z/6PMWGRGL3GXY1YIDUTVUPK
 |   |- Actor Path: /Game/Levels/1leveltest.1leveltest:PersistentLevel.LandscapeStreamingProxy_D7T4VF4LBP34PHV9XOEVM5TIG_1_3_4_0
 |   |- Actor Package: /Game/__ExternalActors__/Levels/1leveltest/B/OZ/N5YFXZR5W3EGD5J443GW9F
 |   |- Actor Path: /Game/Levels/1leveltest.1leveltest:PersistentLevel.StaticMeshActor_UAID_902E16EF156421A901_1839180431
 |   |- Actor Package: /Game/__ExternalActors__/Levels/1leveltest/B/VP/YTAU8RVD5HERSZX606CZTZ
 |   |- Actor Path: /Game/Levels/1leveltest.1leveltest:PersistentLevel.usemesh_C_UAID_902E16EF156453AC01_1865399400
 |   |- Actor Package: /Game/__ExternalActors__/Levels/1leveltest/D/2E/PF4KV3SMZ1HNQ4U7INBN3T
 |   |- Actor Path: /Game/Levels/1leveltest.1leveltest:PersistentLevel.StaticMeshActor_UAID_902E16EF156421A901_1845431432
 |   |- Actor Package: /Game/__ExternalActors__/Levels/1leveltest/E/F6/UNRN043J8UIJ5HBVI6COHO
 |   |- Actor Path: /Game/Levels/1leveltest.1leveltest:PersistentLevel.usemesh_C_UAID_902E16EF156454AC01_1739230578
 |   |- Actor Package: /Game/__ExternalActors__/Levels/1leveltest/E/W9/A15WV29MR9UFECDLTNYRD2
 |   |- Actor Path: /Game/Levels/1leveltest.1leveltest:PersistentLevel.StaticMeshActor_UAID_E4A8DFBE6D9236BA01_2028521110
 |   |- Actor Package: /Game/__ExternalActors__/Levels/1leveltest/1/BO/ENEA60Y33B6D3D2XH025OT
 |   |- Actor Path: /Game/Levels/1leveltest.1leveltest:PersistentLevel.StaticMeshActor_UAID_E4A8DFBE6D9236BA01_2028506109
 |   |- Actor Package: /Game/__ExternalActors__/Levels/1leveltest/7/ZZ/626UP344ADJNK2649Z7JLK
 |   |- Actor Path: /Game/Levels/1leveltest.1leveltest:PersistentLevel.StaticMeshActor_UAID_E4A8DFBE6D9236BA01_2028491108
 |   |- Actor Package: /Game/__ExternalActors__/Levels/1leveltest/7/ZY/UFGQB9VLO0FTP0PLLD85VA
 |   |- Actor Path: /Game/Levels/1leveltest.1leveltest:PersistentLevel.StaticMeshActor_UAID_E4A8DFBE6D9236BA01_2028476107
 |   |- Actor Package: /Game/__ExternalActors__/Levels/1leveltest/7/FJ/7MC5MBUDTXK9LK1FEOLHM6
 |   |- Actor Path: /Game/Levels/1leveltest.1leveltest:PersistentLevel.StaticMeshActor_UAID_E4A8DFBE6D9236BA01_2028460106
 |   |- Actor Package: /Game/__ExternalActors__/Levels/1leveltest/D/KP/0ER5O1PXT0APFSMM6AUEA1
 |   |- Actor Path: /Game/Levels/1leveltest.1leveltest:PersistentLevel.StaticMeshActor_UAID_E4A8DFBE6D9236BA01_2028442105
 |   |- Actor Package: /Game/__ExternalActors__/Levels/1leveltest/9/TU/NMQHWTGCQWLUTOMZ3M1JU0
 |   |- Actor Path: /Game/Levels/1leveltest.1leveltest:PersistentLevel.StaticMeshActor_UAID_E4A8DFBE6D9236BA01_2028421104
 |   |- Actor Package: /Game/__ExternalActors__/Levels/1leveltest/D/KK/4F1KT8B1HUFT2EQAQIVQFX
 |   |- Actor Path: /Game/Levels/1leveltest.1leveltest:PersistentLevel.StaticMeshActor_UAID_E4A8DFBE6D9236BA01_2028402103
 |   |- Actor Package: /Game/__ExternalActors__/Levels/1leveltest/6/3J/GWL1SQ64JYQ7WA2J01O75J
 |   |- Actor Path: /Game/Levels/1leveltest.1leveltest:PersistentLevel.StaticMeshActor_UAID_E4A8DFBE6D9236BA01_2028386102
 |   |- Actor Package: /Game/__ExternalActors__/Levels/1leveltest/8/T7/AQU9NGIIB901BFJ5ICTI3S
 |   |- Actor Path: /Game/Levels/1leveltest.1leveltest:PersistentLevel.StaticMeshActor_UAID_E4A8DFBE6D9236BA01_2028371101
 |   |- Actor Package: /Game/__ExternalActors__/Levels/1leveltest/7/R9/FJQ0E4MJIGJ5UFIVH93O4X
 |   |- Actor Path: /Game/Levels/1leveltest.1leveltest:PersistentLevel.StaticMeshActor_UAID_E4A8DFBE6D9236BA01_2028355100
 |   |- Actor Package: /Game/__ExternalActors__/Levels/1leveltest/8/CW/Y8F1IMUUJ731H3QETYJZ7S
 |   |- Actor Path: /Game/Levels/1leveltest.1leveltest:PersistentLevel.StaticMeshActor_UAID_E4A8DFBE6D9236BA01_2028340099
 |   |- Actor Package: /Game/__ExternalActors__/Levels/1leveltest/6/76/QM2KNL870JU4LXFUIGANWC
 |   |- Actor Path: /Game/Levels/1leveltest.1leveltest:PersistentLevel.StaticMeshActor_UAID_E4A8DFBE6D9236BA01_2028324098
 |   |- Actor Package: /Game/__ExternalActors__/Levels/1leveltest/8/C8/AUAAPK48S5VG57SWR78IGE
 |   |- Actor Path: /Game/Levels/1leveltest.1leveltest:PersistentLevel.StaticMeshActor_UAID_E4A8DFBE6D9236BA01_2028308097
 |   |- Actor Package: /Game/__ExternalActors__/Levels/1leveltest/7/SI/CPBM58XHR8X2SF32I88RCT
 |   |- Actor Path: /Game/Levels/1leveltest.1leveltest:PersistentLevel.StaticMeshActor_UAID_E4A8DFBE6D9236BA01_2028293096
 |   |- Actor Package: /Game/__ExternalActors__/Levels/1leveltest/7/04/YSN3C2I5TJOMUT1H50YT2D
 |   |- Actor Path: /Game/Levels/1leveltest.1leveltest:PersistentLevel.StaticMeshActor_UAID_E4A8DFBE6D9236BA01_2028274095
 |   |- Actor Package: /Game/__ExternalActors__/Levels/1leveltest/6/ZJ/BLYOYRSMU0FSQXY2HM96I4
 |   |- Actor Path: /Game/Levels/1leveltest.1leveltest:PersistentLevel.StaticMeshActor_UAID_E4A8DFBE6D9236BA01_2028537111
 |   |- Actor Package: /Game/__ExternalActors__/Levels/1leveltest/6/07/TERZZ7IQBYOS9WEFISVFJ8
 |   |- Actor Path: /Game/Levels/1leveltest.1leveltest:PersistentLevel.StaticMeshActor_UAID_E4A8DFBE6D9236BA01_2028551112
 |   |- Actor Package: /Game/__ExternalActors__/Levels/1leveltest/2/H6/CCE78H3RTDQIKTHMVJ9CVJ
[+] Content of Grid Level 1

